{"/Users/surelissegarra/alchemy/career-track/server-client-connect-/utils/createResponse.js": {"path":"/Users/surelissegarra/alchemy/career-track/server-client-connect-/utils/createResponse.js","statementMap":{"0":{"start":{"line":1,"column":23},"end":{"line":10,"column":1}},"1":{"start":{"line":3,"column":2},"end":{"line":8,"column":16}},"2":{"start":{"line":11,"column":0},"end":{"line":13,"column":2}}},"fnMap":{"0":{"name":"(anonymous_0)","decl":{"start":{"line":1,"column":23},"end":{"line":1,"column":24}},"loc":{"start":{"line":1,"column":88},"end":{"line":10,"column":1}},"line":1}},"branchMap":{"0":{"loc":{"start":{"line":1,"column":26},"end":{"line":1,"column":35}},"type":"default-arg","locations":[{"start":{"line":1,"column":33},"end":{"line":1,"column":35}}],"line":1},"1":{"loc":{"start":{"line":1,"column":37},"end":{"line":1,"column":62}},"type":"default-arg","locations":[{"start":{"line":1,"column":51},"end":{"line":1,"column":62}}],"line":1},"2":{"loc":{"start":{"line":1,"column":64},"end":{"line":1,"column":81}},"type":"default-arg","locations":[{"start":{"line":1,"column":73},"end":{"line":1,"column":81}}],"line":1}},"s":{"0":1,"1":1,"2":1},"f":{"0":1},"b":{"0":[0],"1":[0],"2":[0]},"_coverageSchema":"1a1c01bbd47fc00a2c39e90264f33305004495a9","hash":"af4c6b9287564e1c38e3d219e362d2574448cfe4"}
}
